<?xml version="1.0" encoding="utf-8"?>
<TestRun id="f5264365-f2ce-4552-ab44-c7a78b6e0d69" name="@fv-az1673-120 2025-02-23 15:21:14" xmlns="http://microsoft.com/schemas/VisualStudio/TeamTest/2010">
  <Times creation="2025-02-23T15:21:14.6347758+00:00" queuing="2025-02-23T15:21:14.6347759+00:00" start="2025-02-23T15:21:12.0298396+00:00" finish="2025-02-23T15:21:14.6405337+00:00" />
  <TestSettings name="default" id="65e23288-095d-4b4c-8012-b34f4de8785e">
    <Deployment runDeploymentRoot="_fv-az1673-120_2025-02-23_15_21_14" />
  </TestSettings>
  <Results>
    <UnitTestResult executionId="df12685d-c784-443b-99b5-8745a327c6fc" testId="4a627050-7a2a-a098-4af5-8235d0479976" testName="TestLoginFunctionality" computerName="fv-az1673-120" duration="00:00:02.0385700" startTime="2025-02-23T15:21:12.4920746+00:00" endTime="2025-02-23T15:21:14.5305343+00:00" testType="13cdc9d9-ddb5-4fa4-a97d-d965ccfc6d4b" outcome="Passed" testListId="8c84fa94-04c1-424b-9868-57a2d4851a1d" relativeResultsDirectory="df12685d-c784-443b-99b5-8745a327c6fc">
      <Output>
        <StdOut>Using RemoteWebDriver for Chrome with Grid: http://localhost:4444/wd/hub</StdOut>
      </Output>
    </UnitTestResult>
    <UnitTestResult executionId="491c8c01-2406-44a4-a9c7-62dc3f967f1e" testId="39381314-de97-2baf-daea-ac62c2d25678" testName="TestLogoutFunctionality" computerName="fv-az1673-120" duration="00:00:02.0504850" startTime="2025-02-23T15:21:12.4920757+00:00" endTime="2025-02-23T15:21:14.5425606+00:00" testType="13cdc9d9-ddb5-4fa4-a97d-d965ccfc6d4b" outcome="Passed" testListId="8c84fa94-04c1-424b-9868-57a2d4851a1d" relativeResultsDirectory="491c8c01-2406-44a4-a9c7-62dc3f967f1e">
      <Output>
        <StdOut>Using RemoteWebDriver for Chrome with Grid: http://localhost:4444/wd/hub</StdOut>
      </Output>
    </UnitTestResult>
  </Results>
  <TestDefinitions>
    <UnitTest name="TestLogoutFunctionality" storage="/home/runner/work/practice-c-sharp-selenium/practice-c-sharp-selenium/seleniumframework/bin/debug/net8.0/seleniumframework.dll" id="39381314-de97-2baf-daea-ac62c2d25678">
      <Execution id="491c8c01-2406-44a4-a9c7-62dc3f967f1e" />
      <TestMethod codeBase="/home/runner/work/Practice-C-Sharp-Selenium/Practice-C-Sharp-Selenium/SeleniumFramework/bin/Debug/net8.0/SeleniumFramework.dll" adapterTypeName="executor://nunit3testexecutor/" className="SeleniumFramework.Test.LoginTests" name="TestLogoutFunctionality" />
    </UnitTest>
    <UnitTest name="TestLoginFunctionality" storage="/home/runner/work/practice-c-sharp-selenium/practice-c-sharp-selenium/seleniumframework/bin/debug/net8.0/seleniumframework.dll" id="4a627050-7a2a-a098-4af5-8235d0479976">
      <Execution id="df12685d-c784-443b-99b5-8745a327c6fc" />
      <TestMethod codeBase="/home/runner/work/Practice-C-Sharp-Selenium/Practice-C-Sharp-Selenium/SeleniumFramework/bin/Debug/net8.0/SeleniumFramework.dll" adapterTypeName="executor://nunit3testexecutor/" className="SeleniumFramework.Test.LoginTests" name="TestLoginFunctionality" />
    </UnitTest>
  </TestDefinitions>
  <TestEntries>
    <TestEntry testId="4a627050-7a2a-a098-4af5-8235d0479976" executionId="df12685d-c784-443b-99b5-8745a327c6fc" testListId="8c84fa94-04c1-424b-9868-57a2d4851a1d" />
    <TestEntry testId="39381314-de97-2baf-daea-ac62c2d25678" executionId="491c8c01-2406-44a4-a9c7-62dc3f967f1e" testListId="8c84fa94-04c1-424b-9868-57a2d4851a1d" />
  </TestEntries>
  <TestLists>
    <TestList name="Results Not in a List" id="8c84fa94-04c1-424b-9868-57a2d4851a1d" />
    <TestList name="All Loaded Results" id="19431567-8539-422a-85d7-44ee4e166bda" />
  </TestLists>
  <ResultSummary outcome="Completed">
    <Counters total="2" executed="2" passed="2" failed="0" error="0" timeout="0" aborted="0" inconclusive="0" passedButRunAborted="0" notRunnable="0" notExecuted="0" disconnected="0" warning="0" completed="0" inProgress="0" pending="0" />
    <Output>
      <StdOut>NUnit Adapter 4.5.0.0: Test execution started
Running all tests in /home/runner/work/Practice-C-Sharp-Selenium/Practice-C-Sharp-Selenium/SeleniumFramework/bin/Debug/net8.0/SeleniumFramework.dll
   NUnit3TestExecutor discovered 2 of 2 NUnit test cases using Current Discovery mode, Non-Explicit run
NUnit Adapter 4.5.0.0: Test execution complete
</StdOut>
    </Output>
    <RunInfos>
      <RunInfo computerName="fv-az1673-120" outcome="Warning" timestamp="2025-02-23T15:21:14.5536291+00:00">
        <Text>Using RemoteWebDriver for Chrome with Grid: http://localhost:4444/wd/hub
</Text>
      </RunInfo>
      <RunInfo computerName="fv-az1673-120" outcome="Warning" timestamp="2025-02-23T15:21:14.5560272+00:00">
        <Text>Using RemoteWebDriver for Chrome with Grid: http://localhost:4444/wd/hub
</Text>
      </RunInfo>
    </RunInfos>
  </ResultSummary>
</TestRun>